Arguments: 
  /usr/local/Cellar/node/9.8.0/bin/node /usr/local/bin/yarn start

PATH: 
  /usr/local/bin:/usr/bin:/bin:/usr/sbin:/sbin

Yarn version: 
  1.5.1

Node version: 
  9.8.0

Platform: 
  darwin x64

npm manifest: 
  {
    "name": "straumverk",
    "version": "1.0.0",
    "description": "Straumverk website",
    "main": "index.js",
    "scripts": {
      "dev": "NODE_ENV=development node server.js",
      "build": "next build",
      "start": "NODE_ENV=production node server.js",
      "clean": "rimraf .next",
      "prod": "pm2 start npm --name 'straumverk' -- start -p 6000"
    },
    "author": "Snær Seljan Þórodddson",
    "license": "ISC",
    "dependencies": {
      "@zeit/next-css": "0.0.7",
      "animejs": "^2.2.0",
      "axios": "^0.17.1",
      "classnames": "^2.2.5",
      "cookie-parser": "^1.4.3",
      "dotenv": "^5.0.0",
      "express": "^4.16.2",
      "isomorphic-unfetch": "^2.0.0",
      "next": "^5.0.0",
      "next-redux-wrapper": "^1.3.5",
      "prop-types": "^15.6.0",
      "react": "^16.2.0",
      "react-dom": "^16.2.0",
      "react-redux": "^5.0.6",
      "react-responsive": "^4.0.4",
      "react-waypoint": "^8.0.0",
      "redux": "^3.7.2",
      "redux-thunk": "^2.2.0",
      "shortid": "^2.2.8"
    },
    "devDependencies": {
      "rimraf": "^2.6.2"
    }
  }

yarn manifest: 
  No manifest

Lockfile: 
  No lockfile

Trace: 
  Error: Command failed.
  Exit code: 1
  Command: sh
  Arguments: -c NODE_ENV=production node server.js
  Directory: /Users/snaerthoroddsson/Projects/straumverk_new
  Output:
  
      at ProcessTermError.MessageError (/usr/local/lib/node_modules/yarn/lib/cli.js:186:110)
      at new ProcessTermError (/usr/local/lib/node_modules/yarn/lib/cli.js:226:113)
      at ChildProcess.<anonymous> (/usr/local/lib/node_modules/yarn/lib/cli.js:30281:17)
      at ChildProcess.emit (events.js:180:13)
      at maybeClose (internal/child_process.js:936:16)
      at Process.ChildProcess._handle.onexit (internal/child_process.js:220:5)
